<?xml version="1.0" encoding="UTF-8"?>
<!-- Generated by org.testng.reporters.JUnitReportReporter -->
<testsuite hostname="DESKTOP-Q9JTLRU" failures="0" tests="2" name="DataProviders.FaceBook_DP" time="9.771" errors="0" timestamp="2025-07-16T12:59:32 IST" skipped="0">
  <testcase classname="DataProviders.FaceBook_DP" name="fbLogin" time="4.162"/>
  <testcase classname="DataProviders.FaceBook_DP" name="fbLogin" time="5.609"/>
</testsuite> <!-- DataProviders.FaceBook_DP -->
