<?xml version="1.0" encoding="UTF-8"?>
<!-- Generated by org.testng.reporters.JUnitReportReporter -->
<testsuite hostname="DESKTOP-Q9JTLRU" failures="0" tests="2" name="TestNG_task.FlipKart" time="13.180" errors="0" timestamp="2025-07-14T14:50:11 IST" skipped="0">
  <testcase classname="TestNG_task.FlipKart" name="login" time="7.171">
    <system-out>
      <![CDATA[FlipKart Opened Successfully]]>
    </system-out>
  </testcase> <!-- login -->
  <testcase classname="TestNG_task.FlipKart" name="login" time="6.009">
    <system-out>
      <![CDATA[FlipKart Opened Successfully]]>
    </system-out>
  </testcase> <!-- login -->
  <system-out>
    <![CDATA[Swiggy Opened Successfully
Swiggy Opened Successfully
Facebook Opened Successfully
Facebook Opened Successfully
FlipKart Opened Successfully
FlipKart Opened Successfully]]>
  </system-out>
</testsuite> <!-- TestNG_task.FlipKart -->
