<?xml version="1.0" encoding="UTF-8"?>
<!-- Generated by org.testng.reporters.JUnitReportReporter -->
<testsuite hostname="DESKTOP-Q9JTLRU" failures="0" tests="2" name="TestNG.UsingPriorityFlag" time="0.022" errors="0" timestamp="2025-07-11T15:12:55 IST" skipped="0">
  <testcase classname="TestNG.UsingPriorityFlag" name="register" time="0.020"/>
  <testcase classname="TestNG.UsingPriorityFlag" name="create" time="0.002"/>
</testsuite> <!-- TestNG.UsingPriorityFlag -->
