<?xml version="1.0" encoding="UTF-8"?>
<!-- Generated by org.testng.reporters.JUnitReportReporter -->
<testsuite hostname="DESKTOP-Q9JTLRU" failures="0" tests="2" name="UsingAnnotations.Uisng_BaseClass" time="0.016" errors="0" timestamp="2025-07-16T15:08:05 IST" skipped="0">
  <testcase classname="UsingAnnotations.Uisng_BaseClass" name="demotest1" time="0.003"/>
  <testcase classname="UsingAnnotations.Uisng_BaseClass" name="demotest" time="0.013"/>
</testsuite> <!-- UsingAnnotations.Uisng_BaseClass -->
