<?xml version="1.0" encoding="UTF-8"?>
<!-- Generated by org.testng.reporters.JUnitReportReporter -->
<testsuite hostname="DESKTOP-Q9JTLRU" failures="0" tests="1" name="ListenerUtilization.Listeners2" time="0.004" errors="0" timestamp="2025-07-17T14:40:54 IST" skipped="0">
  <testcase classname="ListenerUtilization.Listeners2" name="demo1" time="0.004"/>
</testsuite> <!-- ListenerUtilization.Listeners2 -->
