<?xml version="1.0" encoding="UTF-8"?>
<!-- Generated by org.testng.reporters.JUnitReportReporter -->
<testsuite hostname="DESKTOP-Q9JTLRU" failures="0" tests="3" name="TestNG.Using_ThreadPoolSize" time="0.008" errors="0" timestamp="2025-07-11T15:12:55 IST" skipped="0">
  <testcase classname="TestNG.Using_ThreadPoolSize" name="register" time="0.002"/>
  <testcase classname="TestNG.Using_ThreadPoolSize" name="create" time="0.003"/>
  <testcase classname="TestNG.Using_ThreadPoolSize" name="create" time="0.003"/>
</testsuite> <!-- TestNG.Using_ThreadPoolSize -->
