<?xml version="1.0" encoding="UTF-8"?>
<!-- Generated by org.testng.reporters.JUnitReportReporter -->
<testsuite hostname="DESKTOP-Q9JTLRU" failures="0" tests="1" name="TestNG.Using_DependsOnMethod" time="0.003" errors="0" timestamp="2025-07-11T15:11:20 IST" skipped="0">
  <testcase classname="TestNG.Using_DependsOnMethod" name="login" time="0.003"/>
</testsuite> <!-- TestNG.Using_DependsOnMethod -->
