<?xml version="1.0" encoding="UTF-8"?>
<!-- Generated by org.testng.reporters.JUnitReportReporter -->
<testsuite hostname="DESKTOP-Q9JTLRU" failures="0" tests="3" name="TestNG.Using_InvocationCount" time="0.007" errors="0" timestamp="2025-07-11T15:12:55 IST" skipped="0">
  <testcase classname="TestNG.Using_InvocationCount" name="register" time="0.004"/>
  <testcase classname="TestNG.Using_InvocationCount" name="create" time="0.002"/>
  <testcase classname="TestNG.Using_InvocationCount" name="create" time="0.001"/>
</testsuite> <!-- TestNG.Using_InvocationCount -->
