<?xml version="1.0" encoding="UTF-8"?>
<!-- Generated by org.testng.reporters.JUnitReportReporter -->
<testsuite hostname="DESKTOP-Q9JTLRU" failures="0" tests="2" name="TestNG_task.Swiggy" time="22.210" errors="0" timestamp="2025-07-14T14:50:11 IST" skipped="0">
  <testcase classname="TestNG_task.Swiggy" name="login" time="7.495">
    <system-out>
      <![CDATA[Swiggy Opened Successfully]]>
    </system-out>
  </testcase> <!-- login -->
  <testcase classname="TestNG_task.Swiggy" name="login" time="14.715">
    <system-out>
      <![CDATA[Swiggy Opened Successfully]]>
    </system-out>
  </testcase> <!-- login -->
  <system-out>
    <![CDATA[Swiggy Opened Successfully
Swiggy Opened Successfully
Facebook Opened Successfully
Facebook Opened Successfully
FlipKart Opened Successfully
FlipKart Opened Successfully]]>
  </system-out>
</testsuite> <!-- TestNG_task.Swiggy -->
