<?xml version="1.0" encoding="UTF-8"?>
<!-- Generated by org.testng.reporters.JUnitReportReporter -->
<testsuite hostname="DESKTOP-Q9JTLRU" failures="0" tests="2" name="TestNG_task.FaceBook" time="13.254" errors="0" timestamp="2025-07-14T14:50:11 IST" skipped="0">
  <testcase classname="TestNG_task.FaceBook" name="login" time="7.789">
    <system-out>
      <![CDATA[Facebook Opened Successfully]]>
    </system-out>
  </testcase> <!-- login -->
  <testcase classname="TestNG_task.FaceBook" name="login" time="5.465">
    <system-out>
      <![CDATA[Facebook Opened Successfully]]>
    </system-out>
  </testcase> <!-- login -->
  <system-out>
    <![CDATA[Swiggy Opened Successfully
Swiggy Opened Successfully
Facebook Opened Successfully
Facebook Opened Successfully
FlipKart Opened Successfully
FlipKart Opened Successfully]]>
  </system-out>
</testsuite> <!-- TestNG_task.FaceBook -->
