<?xml version="1.0" encoding="UTF-8"?>
<!-- Generated by org.testng.reporters.JUnitReportReporter -->
<testsuite hostname="DESKTOP-Q9JTLRU" failures="0" tests="1" name="ListenerUtilization.ListenerUtilization" time="0.014" errors="0" timestamp="2025-07-17T14:40:54 IST" skipped="0">
  <testcase classname="ListenerUtilization.ListenerUtilization" name="demo" time="0.014"/>
</testsuite> <!-- ListenerUtilization.ListenerUtilization -->
